This file contains any messages produced by compilers while
running configure, to aid debugging if configure makes a mistake.

It was created by configure, which was
generated by GNU Autoconf 2.69.  Invocation command line was

  $ ./configure --enable-maintainer-mode CFLAGS=-DGDK_DISABLE_DEPRECATED -DGTK_DISABLE_DEPRECATED --no-create --no-recursion

## --------- ##
## Platform. ##
## --------- ##

hostname = whare
uname -m = x86_64
uname -r = 3.2.0-3-amd64
uname -s = Linux
uname -v = #1 SMP Mon Jul 23 02:45:17 UTC 2012

/usr/bin/uname -p = unknown
/bin/uname -X     = unknown

/bin/arch              = unknown
/usr/bin/arch -k       = unknown
/usr/convex/getsysinfo = unknown
/usr/bin/hostinfo      = unknown
/bin/machine           = unknown
/usr/bin/oslevel       = unknown
/bin/universe          = unknown

PATH: /usr/local/bin
PATH: /usr/bin
PATH: /bin
PATH: /usr/local/games
PATH: /usr/games


## ----------- ##
## Core tests. ##
## ----------- ##

configure:2342: checking for a BSD-compatible install
configure:2410: result: /usr/bin/install -c
configure:2421: checking whether build environment is sane
configure:2471: result: yes
configure:2612: checking for a thread-safe mkdir -p
configure:2651: result: /bin/mkdir -p
configure:2664: checking for gawk
configure:2680: found /usr/bin/gawk
configure:2691: result: gawk
configure:2702: checking whether make sets $(MAKE)
configure:2724: result: yes
configure:2807: checking whether to enable maintainer-specific portions of Makefiles
configure:2816: result: yes
configure:2847: checking for style of include used by make
configure:2875: result: GNU
configure:2946: checking for gcc
configure:2962: found /usr/bin/gcc
configure:2973: result: gcc
configure:3202: checking for C compiler version
configure:3211: gcc --version >&5
gcc (Debian 4.7.1-7) 4.7.1
Copyright (C) 2012 Free Software Foundation, Inc.
This is free software; see the source for copying conditions.  There is NO
warranty; not even for MERCHANTABILITY or FITNESS FOR A PARTICULAR PURPOSE.

configure:3222: $? = 0
configure:3211: gcc -v >&5
Using built-in specs.
COLLECT_GCC=gcc
COLLECT_LTO_WRAPPER=/usr/lib/gcc/x86_64-linux-gnu/4.7/lto-wrapper
Target: x86_64-linux-gnu
Configured with: ../src/configure -v --with-pkgversion='Debian 4.7.1-7' --with-bugurl=file:///usr/share/doc/gcc-4.7/README.Bugs --enable-languages=c,c++,go,fortran,objc,obj-c++ --prefix=/usr --program-suffix=-4.7 --enable-shared --enable-linker-build-id --with-system-zlib --libexecdir=/usr/lib --without-included-gettext --enable-threads=posix --with-gxx-include-dir=/usr/include/c++/4.7 --libdir=/usr/lib --enable-nls --with-sysroot=/ --enable-clocale=gnu --enable-libstdcxx-debug --enable-libstdcxx-time=yes --enable-gnu-unique-object --enable-plugin --enable-objc-gc --with-arch-32=i586 --with-tune=generic --enable-checking=release --build=x86_64-linux-gnu --host=x86_64-linux-gnu --target=x86_64-linux-gnu
Thread model: posix
gcc version 4.7.1 (Debian 4.7.1-7) 
configure:3222: $? = 0
configure:3211: gcc -V >&5
gcc: error: unrecognized command line option '-V'
gcc: fatal error: no input files
compilation terminated.
configure:3222: $? = 4
configure:3211: gcc -qversion >&5
gcc: error: unrecognized command line option '-qversion'
gcc: fatal error: no input files
compilation terminated.
configure:3222: $? = 4
configure:3242: checking whether the C compiler works
configure:3264: gcc -DGDK_DISABLE_DEPRECATED -DGTK_DISABLE_DEPRECATED   conftest.c  >&5
configure:3268: $? = 0
configure:3316: result: yes
configure:3319: checking for C compiler default output file name
configure:3321: result: a.out
configure:3327: checking for suffix of executables
configure:3334: gcc -o conftest -DGDK_DISABLE_DEPRECATED -DGTK_DISABLE_DEPRECATED   conftest.c  >&5
configure:3338: $? = 0
configure:3360: result: 
configure:3382: checking whether we are cross compiling
configure:3390: gcc -o conftest -DGDK_DISABLE_DEPRECATED -DGTK_DISABLE_DEPRECATED   conftest.c  >&5
configure:3394: $? = 0
configure:3401: ./conftest
configure:3405: $? = 0
configure:3420: result: no
configure:3425: checking for suffix of object files
configure:3447: gcc -c -DGDK_DISABLE_DEPRECATED -DGTK_DISABLE_DEPRECATED  conftest.c >&5
configure:3451: $? = 0
configure:3472: result: o
configure:3476: checking whether we are using the GNU C compiler
configure:3495: gcc -c -DGDK_DISABLE_DEPRECATED -DGTK_DISABLE_DEPRECATED  conftest.c >&5
configure:3495: $? = 0
configure:3504: result: yes
configure:3513: checking whether gcc accepts -g
configure:3533: gcc -c -g  conftest.c >&5
configure:3533: $? = 0
configure:3574: result: yes
configure:3591: checking for gcc option to accept ISO C89
configure:3654: gcc  -c -DGDK_DISABLE_DEPRECATED -DGTK_DISABLE_DEPRECATED  conftest.c >&5
configure:3654: $? = 0
configure:3667: result: none needed
configure:3689: checking dependency style of gcc
configure:3800: result: gcc3
configure:3816: checking for library containing strerror
configure:3847: gcc -o conftest -DGDK_DISABLE_DEPRECATED -DGTK_DISABLE_DEPRECATED   conftest.c  >&5
configure:3847: $? = 0
configure:3864: result: none required
configure:3920: checking for gcc
configure:3947: result: gcc
configure:4176: checking for C compiler version
configure:4185: gcc --version >&5
gcc (Debian 4.7.1-7) 4.7.1
Copyright (C) 2012 Free Software Foundation, Inc.
This is free software; see the source for copying conditions.  There is NO
warranty; not even for MERCHANTABILITY or FITNESS FOR A PARTICULAR PURPOSE.

configure:4196: $? = 0
configure:4185: gcc -v >&5
Using built-in specs.
COLLECT_GCC=gcc
COLLECT_LTO_WRAPPER=/usr/lib/gcc/x86_64-linux-gnu/4.7/lto-wrapper
Target: x86_64-linux-gnu
Configured with: ../src/configure -v --with-pkgversion='Debian 4.7.1-7' --with-bugurl=file:///usr/share/doc/gcc-4.7/README.Bugs --enable-languages=c,c++,go,fortran,objc,obj-c++ --prefix=/usr --program-suffix=-4.7 --enable-shared --enable-linker-build-id --with-system-zlib --libexecdir=/usr/lib --without-included-gettext --enable-threads=posix --with-gxx-include-dir=/usr/include/c++/4.7 --libdir=/usr/lib --enable-nls --with-sysroot=/ --enable-clocale=gnu --enable-libstdcxx-debug --enable-libstdcxx-time=yes --enable-gnu-unique-object --enable-plugin --enable-objc-gc --with-arch-32=i586 --with-tune=generic --enable-checking=release --build=x86_64-linux-gnu --host=x86_64-linux-gnu --target=x86_64-linux-gnu
Thread model: posix
gcc version 4.7.1 (Debian 4.7.1-7) 
configure:4196: $? = 0
configure:4185: gcc -V >&5
gcc: error: unrecognized command line option '-V'
gcc: fatal error: no input files
compilation terminated.
configure:4196: $? = 4
configure:4185: gcc -qversion >&5
gcc: error: unrecognized command line option '-qversion'
gcc: fatal error: no input files
compilation terminated.
configure:4196: $? = 4
configure:4200: checking whether we are using the GNU C compiler
configure:4228: result: yes
configure:4237: checking whether gcc accepts -g
configure:4298: result: yes
configure:4315: checking for gcc option to accept ISO C89
configure:4391: result: none needed
configure:4413: checking dependency style of gcc
configure:4524: result: gcc3
configure:4587: checking for gcc
configure:4614: result: gcc
configure:4843: checking for C compiler version
configure:4852: gcc --version >&5
gcc (Debian 4.7.1-7) 4.7.1
Copyright (C) 2012 Free Software Foundation, Inc.
This is free software; see the source for copying conditions.  There is NO
warranty; not even for MERCHANTABILITY or FITNESS FOR A PARTICULAR PURPOSE.

configure:4863: $? = 0
configure:4852: gcc -v >&5
Using built-in specs.
COLLECT_GCC=gcc
COLLECT_LTO_WRAPPER=/usr/lib/gcc/x86_64-linux-gnu/4.7/lto-wrapper
Target: x86_64-linux-gnu
Configured with: ../src/configure -v --with-pkgversion='Debian 4.7.1-7' --with-bugurl=file:///usr/share/doc/gcc-4.7/README.Bugs --enable-languages=c,c++,go,fortran,objc,obj-c++ --prefix=/usr --program-suffix=-4.7 --enable-shared --enable-linker-build-id --with-system-zlib --libexecdir=/usr/lib --without-included-gettext --enable-threads=posix --with-gxx-include-dir=/usr/include/c++/4.7 --libdir=/usr/lib --enable-nls --with-sysroot=/ --enable-clocale=gnu --enable-libstdcxx-debug --enable-libstdcxx-time=yes --enable-gnu-unique-object --enable-plugin --enable-objc-gc --with-arch-32=i586 --with-tune=generic --enable-checking=release --build=x86_64-linux-gnu --host=x86_64-linux-gnu --target=x86_64-linux-gnu
Thread model: posix
gcc version 4.7.1 (Debian 4.7.1-7) 
configure:4863: $? = 0
configure:4852: gcc -V >&5
gcc: error: unrecognized command line option '-V'
gcc: fatal error: no input files
compilation terminated.
configure:4863: $? = 4
configure:4852: gcc -qversion >&5
gcc: error: unrecognized command line option '-qversion'
gcc: fatal error: no input files
compilation terminated.
configure:4863: $? = 4
configure:4867: checking whether we are using the GNU C compiler
configure:4895: result: yes
configure:4904: checking whether gcc accepts -g
configure:4965: result: yes
configure:4982: checking for gcc option to accept ISO C89
configure:5058: result: none needed
configure:5080: checking dependency style of gcc
configure:5191: result: gcc3
configure:5210: checking whether gcc and cc understand -c and -o together
configure:5241: gcc -c conftest.c -o conftest2.o >&5
configure:5245: $? = 0
configure:5251: gcc -c conftest.c -o conftest2.o >&5
configure:5255: $? = 0
configure:5266: cc -c conftest.c >&5
configure:5270: $? = 0
configure:5278: cc -c conftest.c -o conftest2.o >&5
configure:5282: $? = 0
configure:5288: cc -c conftest.c -o conftest2.o >&5
configure:5292: $? = 0
configure:5310: result: yes
configure:5340: checking how to run the C preprocessor
configure:5371: gcc -E  conftest.c
configure:5371: $? = 0
configure:5385: gcc -E  conftest.c
conftest.c:11:28: fatal error: ac_nonexistent.h: No such file or directory
compilation terminated.
configure:5385: $? = 1
configure: failed program was:
| /* confdefs.h */
| #define PACKAGE_NAME ""
| #define PACKAGE_TARNAME ""
| #define PACKAGE_VERSION ""
| #define PACKAGE_STRING ""
| #define PACKAGE_BUGREPORT ""
| #define PACKAGE_URL ""
| #define PACKAGE "jamin"
| #define VERSION "0.98.5"
| /* end confdefs.h.  */
| #include <ac_nonexistent.h>
configure:5410: result: gcc -E
configure:5430: gcc -E  conftest.c
configure:5430: $? = 0
configure:5444: gcc -E  conftest.c
conftest.c:11:28: fatal error: ac_nonexistent.h: No such file or directory
compilation terminated.
configure:5444: $? = 1
configure: failed program was:
| /* confdefs.h */
| #define PACKAGE_NAME ""
| #define PACKAGE_TARNAME ""
| #define PACKAGE_VERSION ""
| #define PACKAGE_STRING ""
| #define PACKAGE_BUGREPORT ""
| #define PACKAGE_URL ""
| #define PACKAGE "jamin"
| #define VERSION "0.98.5"
| /* end confdefs.h.  */
| #include <ac_nonexistent.h>
configure:5473: checking for grep that handles long lines and -e
configure:5531: result: /bin/grep
configure:5536: checking for egrep
configure:5598: result: /bin/grep -E
configure:5603: checking for ANSI C header files
configure:5623: gcc -c -DGDK_DISABLE_DEPRECATED -DGTK_DISABLE_DEPRECATED  conftest.c >&5
configure:5623: $? = 0
configure:5696: gcc -o conftest -DGDK_DISABLE_DEPRECATED -DGTK_DISABLE_DEPRECATED   conftest.c  >&5
configure:5696: $? = 0
configure:5696: ./conftest
configure:5696: $? = 0
configure:5707: result: yes
configure:5715: checking for an ANSI C-conforming const
configure:5781: gcc -c -DGDK_DISABLE_DEPRECATED -DGTK_DISABLE_DEPRECATED  conftest.c >&5
configure:5781: $? = 0
configure:5788: result: yes
configure:5796: checking for working volatile
configure:5815: gcc -c -DGDK_DISABLE_DEPRECATED -DGTK_DISABLE_DEPRECATED  conftest.c >&5
configure:5815: $? = 0
configure:5822: result: yes
configure:5830: checking for inline
configure:5846: gcc -c -DGDK_DISABLE_DEPRECATED -DGTK_DISABLE_DEPRECATED  conftest.c >&5
configure:5846: $? = 0
configure:5854: result: inline
configure:5967: checking build system type
configure:5981: result: x86_64-unknown-linux-gnu
configure:6001: checking host system type
configure:6014: result: x86_64-unknown-linux-gnu
configure:6055: checking how to print strings
configure:6082: result: printf
configure:6103: checking for a sed that does not truncate output
configure:6167: result: /bin/sed
configure:6185: checking for fgrep
configure:6247: result: /bin/grep -F
configure:6282: checking for ld used by gcc
configure:6349: result: /usr/bin/ld
configure:6356: checking if the linker (/usr/bin/ld) is GNU ld
configure:6371: result: yes
configure:6383: checking for BSD- or MS-compatible name lister (nm)
configure:6432: result: /usr/bin/nm -B
configure:6562: checking the name lister (/usr/bin/nm -B) interface
configure:6569: gcc -c -DGDK_DISABLE_DEPRECATED -DGTK_DISABLE_DEPRECATED  conftest.c >&5
configure:6572: /usr/bin/nm -B "conftest.o"
configure:6575: output
0000000000000000 B some_variable
configure:6582: result: BSD nm
configure:6585: checking whether ln -s works
configure:6589: result: yes
configure:6597: checking the maximum length of command line arguments
configure:6727: result: 3458764513820540925
configure:6744: checking whether the shell understands some XSI constructs
configure:6754: result: yes
configure:6758: checking whether the shell understands "+="
configure:6764: result: yes
configure:6799: checking how to convert x86_64-unknown-linux-gnu file names to x86_64-unknown-linux-gnu format
configure:6839: result: func_convert_file_noop
configure:6846: checking how to convert x86_64-unknown-linux-gnu file names to toolchain format
configure:6866: result: func_convert_file_noop
configure:6873: checking for /usr/bin/ld option to reload object files
configure:6880: result: -r
configure:6954: checking for objdump
configure:6970: found /usr/bin/objdump
configure:6981: result: objdump
configure:7013: checking how to recognize dependent libraries
configure:7211: result: pass_all
configure:7296: checking for dlltool
configure:7326: result: no
configure:7356: checking how to associate runtime and link libraries
configure:7383: result: printf %s\n
configure:7443: checking for ar
configure:7459: found /usr/bin/ar
configure:7470: result: ar
configure:7507: checking for archiver @FILE support
configure:7524: gcc -c -DGDK_DISABLE_DEPRECATED -DGTK_DISABLE_DEPRECATED  conftest.c >&5
configure:7524: $? = 0
configure:7527: ar cru libconftest.a @conftest.lst >&5
configure:7530: $? = 0
configure:7535: ar cru libconftest.a @conftest.lst >&5
ar: conftest.o: No such file or directory
configure:7538: $? = 1
configure:7550: result: @
configure:7608: checking for strip
configure:7624: found /usr/bin/strip
configure:7635: result: strip
configure:7707: checking for ranlib
configure:7723: found /usr/bin/ranlib
configure:7734: result: ranlib
configure:7836: checking command to parse /usr/bin/nm -B output from gcc object
configure:7956: gcc -c -DGDK_DISABLE_DEPRECATED -DGTK_DISABLE_DEPRECATED  conftest.c >&5
configure:7959: $? = 0
configure:7963: /usr/bin/nm -B conftest.o \| sed -n -e 's/^.*[ ]\([ABCDGIRSTW][ABCDGIRSTW]*\)[ ][ ]*\([_A-Za-z][_A-Za-z0-9]*\)$/\1 \2 \2/p' | sed '/ __gnu_lto/d' \> conftest.nm
configure:7966: $? = 0
configure:8032: gcc -o conftest -DGDK_DISABLE_DEPRECATED -DGTK_DISABLE_DEPRECATED   conftest.c conftstm.o >&5
configure:8035: $? = 0
configure:8073: result: ok
configure:8110: checking for sysroot
configure:8140: result: no
configure:8217: gcc -c -DGDK_DISABLE_DEPRECATED -DGTK_DISABLE_DEPRECATED  conftest.c >&5
configure:8220: $? = 0
configure:8396: checking for mt
configure:8412: found /bin/mt
configure:8423: result: mt
configure:8446: checking if mt is a manifest tool
configure:8452: mt '-?'
configure:8460: result: no
configure:9102: checking for sys/types.h
configure:9102: gcc -c -DGDK_DISABLE_DEPRECATED -DGTK_DISABLE_DEPRECATED  conftest.c >&5
configure:9102: $? = 0
configure:9102: result: yes
configure:9102: checking for sys/stat.h
configure:9102: gcc -c -DGDK_DISABLE_DEPRECATED -DGTK_DISABLE_DEPRECATED  conftest.c >&5
configure:9102: $? = 0
configure:9102: result: yes
configure:9102: checking for stdlib.h
configure:9102: gcc -c -DGDK_DISABLE_DEPRECATED -DGTK_DISABLE_DEPRECATED  conftest.c >&5
configure:9102: $? = 0
configure:9102: result: yes
configure:9102: checking for string.h
configure:9102: gcc -c -DGDK_DISABLE_DEPRECATED -DGTK_DISABLE_DEPRECATED  conftest.c >&5
configure:9102: $? = 0
configure:9102: result: yes
configure:9102: checking for memory.h
configure:9102: gcc -c -DGDK_DISABLE_DEPRECATED -DGTK_DISABLE_DEPRECATED  conftest.c >&5
configure:9102: $? = 0
configure:9102: result: yes
configure:9102: checking for strings.h
configure:9102: gcc -c -DGDK_DISABLE_DEPRECATED -DGTK_DISABLE_DEPRECATED  conftest.c >&5
configure:9102: $? = 0
configure:9102: result: yes
configure:9102: checking for inttypes.h
configure:9102: gcc -c -DGDK_DISABLE_DEPRECATED -DGTK_DISABLE_DEPRECATED  conftest.c >&5
configure:9102: $? = 0
configure:9102: result: yes
configure:9102: checking for stdint.h
configure:9102: gcc -c -DGDK_DISABLE_DEPRECATED -DGTK_DISABLE_DEPRECATED  conftest.c >&5
configure:9102: $? = 0
configure:9102: result: yes
configure:9102: checking for unistd.h
configure:9102: gcc -c -DGDK_DISABLE_DEPRECATED -DGTK_DISABLE_DEPRECATED  conftest.c >&5
configure:9102: $? = 0
configure:9102: result: yes
configure:9116: checking for dlfcn.h
configure:9116: gcc -c -DGDK_DISABLE_DEPRECATED -DGTK_DISABLE_DEPRECATED  conftest.c >&5
configure:9116: $? = 0
configure:9116: result: yes
configure:9260: checking for objdir
configure:9275: result: .libs
configure:9542: checking if gcc supports -fno-rtti -fno-exceptions
configure:9560: gcc -c -DGDK_DISABLE_DEPRECATED -DGTK_DISABLE_DEPRECATED  -fno-rtti -fno-exceptions conftest.c >&5
cc1: warning: command line option '-fno-rtti' is valid for C++/ObjC++ but not for C [enabled by default]
configure:9564: $? = 0
configure:9577: result: no
configure:9904: checking for gcc option to produce PIC
configure:9911: result: -fPIC -DPIC
configure:9919: checking if gcc PIC flag -fPIC -DPIC works
configure:9937: gcc -c -DGDK_DISABLE_DEPRECATED -DGTK_DISABLE_DEPRECATED  -fPIC -DPIC -DPIC conftest.c >&5
configure:9941: $? = 0
configure:9954: result: yes
configure:9983: checking if gcc static flag -static works
configure:10011: result: yes
configure:10026: checking if gcc supports -c -o file.o
configure:10047: gcc -c -DGDK_DISABLE_DEPRECATED -DGTK_DISABLE_DEPRECATED  -o out/conftest2.o conftest.c >&5
configure:10051: $? = 0
configure:10073: result: yes
configure:10081: checking if gcc supports -c -o file.o
configure:10128: result: yes
configure:10161: checking whether the gcc linker (/usr/bin/ld -m elf_x86_64) supports shared libraries
configure:11318: result: yes
configure:11355: checking whether -lc should be explicitly linked in
configure:11363: gcc -c -DGDK_DISABLE_DEPRECATED -DGTK_DISABLE_DEPRECATED  conftest.c >&5
configure:11366: $? = 0
configure:11381: gcc -shared  -fPIC -DPIC conftest.o  -v -Wl,-soname -Wl,conftest -o conftest 2\>\&1 \| /bin/grep  -lc  \>/dev/null 2\>\&1
configure:11384: $? = 0
configure:11398: result: no
configure:11558: checking dynamic linker characteristics
configure:12058: gcc -o conftest -DGDK_DISABLE_DEPRECATED -DGTK_DISABLE_DEPRECATED   -Wl,-rpath -Wl,/foo conftest.c  >&5
configure:12058: $? = 0
configure:12292: result: GNU/Linux ld.so
configure:12399: checking how to hardcode library paths into programs
configure:12424: result: immediate
configure:12518: checking for shl_load
configure:12518: gcc -o conftest -DGDK_DISABLE_DEPRECATED -DGTK_DISABLE_DEPRECATED   conftest.c  >&5
/tmp/ccEt16qn.o: In function `main':
conftest.c:(.text+0xa): undefined reference to `shl_load'
collect2: error: ld returned 1 exit status
configure:12518: $? = 1
configure: failed program was:
| /* confdefs.h */
| #define PACKAGE_NAME ""
| #define PACKAGE_TARNAME ""
| #define PACKAGE_VERSION ""
| #define PACKAGE_STRING ""
| #define PACKAGE_BUGREPORT ""
| #define PACKAGE_URL ""
| #define PACKAGE "jamin"
| #define VERSION "0.98.5"
| #define STDC_HEADERS 1
| #define HAVE_SYS_TYPES_H 1
| #define HAVE_SYS_STAT_H 1
| #define HAVE_STDLIB_H 1
| #define HAVE_STRING_H 1
| #define HAVE_MEMORY_H 1
| #define HAVE_STRINGS_H 1
| #define HAVE_INTTYPES_H 1
| #define HAVE_STDINT_H 1
| #define HAVE_UNISTD_H 1
| #define HAVE_DLFCN_H 1
| #define LT_OBJDIR ".libs/"
| /* end confdefs.h.  */
| /* Define shl_load to an innocuous variant, in case <limits.h> declares shl_load.
|    For example, HP-UX 11i <limits.h> declares gettimeofday.  */
| #define shl_load innocuous_shl_load
| 
| /* System header to define __stub macros and hopefully few prototypes,
|     which can conflict with char shl_load (); below.
|     Prefer <limits.h> to <assert.h> if __STDC__ is defined, since
|     <limits.h> exists even on freestanding compilers.  */
| 
| #ifdef __STDC__
| # include <limits.h>
| #else
| # include <assert.h>
| #endif
| 
| #undef shl_load
| 
| /* Override any GCC internal prototype to avoid an error.
|    Use char because int might match the return type of a GCC
|    builtin and then its argument prototype would still apply.  */
| #ifdef __cplusplus
| extern "C"
| #endif
| char shl_load ();
| /* The GNU C library defines this for functions which it implements
|     to always fail with ENOSYS.  Some functions are actually named
|     something starting with __ and the normal name is an alias.  */
| #if defined __stub_shl_load || defined __stub___shl_load
| choke me
| #endif
| 
| int
| main ()
| {
| return shl_load ();
|   ;
|   return 0;
| }
configure:12518: result: no
configure:12522: checking for shl_load in -ldld
configure:12547: gcc -o conftest -DGDK_DISABLE_DEPRECATED -DGTK_DISABLE_DEPRECATED   conftest.c -ldld   >&5
/usr/bin/ld: cannot find -ldld
collect2: error: ld returned 1 exit status
configure:12547: $? = 1
configure: failed program was:
| /* confdefs.h */
| #define PACKAGE_NAME ""
| #define PACKAGE_TARNAME ""
| #define PACKAGE_VERSION ""
| #define PACKAGE_STRING ""
| #define PACKAGE_BUGREPORT ""
| #define PACKAGE_URL ""
| #define PACKAGE "jamin"
| #define VERSION "0.98.5"
| #define STDC_HEADERS 1
| #define HAVE_SYS_TYPES_H 1
| #define HAVE_SYS_STAT_H 1
| #define HAVE_STDLIB_H 1
| #define HAVE_STRING_H 1
| #define HAVE_MEMORY_H 1
| #define HAVE_STRINGS_H 1
| #define HAVE_INTTYPES_H 1
| #define HAVE_STDINT_H 1
| #define HAVE_UNISTD_H 1
| #define HAVE_DLFCN_H 1
| #define LT_OBJDIR ".libs/"
| /* end confdefs.h.  */
| 
| /* Override any GCC internal prototype to avoid an error.
|    Use char because int might match the return type of a GCC
|    builtin and then its argument prototype would still apply.  */
| #ifdef __cplusplus
| extern "C"
| #endif
| char shl_load ();
| int
| main ()
| {
| return shl_load ();
|   ;
|   return 0;
| }
configure:12556: result: no
configure:12561: checking for dlopen
configure:12561: gcc -o conftest -DGDK_DISABLE_DEPRECATED -DGTK_DISABLE_DEPRECATED   conftest.c  >&5
/tmp/cczshlon.o: In function `main':
conftest.c:(.text+0xa): undefined reference to `dlopen'
collect2: error: ld returned 1 exit status
configure:12561: $? = 1
configure: failed program was:
| /* confdefs.h */
| #define PACKAGE_NAME ""
| #define PACKAGE_TARNAME ""
| #define PACKAGE_VERSION ""
| #define PACKAGE_STRING ""
| #define PACKAGE_BUGREPORT ""
| #define PACKAGE_URL ""
| #define PACKAGE "jamin"
| #define VERSION "0.98.5"
| #define STDC_HEADERS 1
| #define HAVE_SYS_TYPES_H 1
| #define HAVE_SYS_STAT_H 1
| #define HAVE_STDLIB_H 1
| #define HAVE_STRING_H 1
| #define HAVE_MEMORY_H 1
| #define HAVE_STRINGS_H 1
| #define HAVE_INTTYPES_H 1
| #define HAVE_STDINT_H 1
| #define HAVE_UNISTD_H 1
| #define HAVE_DLFCN_H 1
| #define LT_OBJDIR ".libs/"
| /* end confdefs.h.  */
| /* Define dlopen to an innocuous variant, in case <limits.h> declares dlopen.
|    For example, HP-UX 11i <limits.h> declares gettimeofday.  */
| #define dlopen innocuous_dlopen
| 
| /* System header to define __stub macros and hopefully few prototypes,
|     which can conflict with char dlopen (); below.
|     Prefer <limits.h> to <assert.h> if __STDC__ is defined, since
|     <limits.h> exists even on freestanding compilers.  */
| 
| #ifdef __STDC__
| # include <limits.h>
| #else
| # include <assert.h>
| #endif
| 
| #undef dlopen
| 
| /* Override any GCC internal prototype to avoid an error.
|    Use char because int might match the return type of a GCC
|    builtin and then its argument prototype would still apply.  */
| #ifdef __cplusplus
| extern "C"
| #endif
| char dlopen ();
| /* The GNU C library defines this for functions which it implements
|     to always fail with ENOSYS.  Some functions are actually named
|     something starting with __ and the normal name is an alias.  */
| #if defined __stub_dlopen || defined __stub___dlopen
| choke me
| #endif
| 
| int
| main ()
| {
| return dlopen ();
|   ;
|   return 0;
| }
configure:12561: result: no
configure:12565: checking for dlopen in -ldl
configure:12590: gcc -o conftest -DGDK_DISABLE_DEPRECATED -DGTK_DISABLE_DEPRECATED   conftest.c -ldl   >&5
configure:12590: $? = 0
configure:12599: result: yes
configure:12718: checking whether a program can dlopen itself
configure:12798: gcc -o conftest -DGDK_DISABLE_DEPRECATED -DGTK_DISABLE_DEPRECATED  -DHAVE_DLFCN_H  -Wl,--export-dynamic conftest.c -ldl  >&5
configure:12801: $? = 0
configure:12819: result: yes
configure:12824: checking whether a statically linked program can dlopen itself
configure:12904: gcc -o conftest -DGDK_DISABLE_DEPRECATED -DGTK_DISABLE_DEPRECATED  -DHAVE_DLFCN_H  -Wl,--export-dynamic -static conftest.c -ldl  >&5
/tmp/cc2PsIuG.o: In function `main':
conftest.c:(.text+0x1e): warning: Using 'dlopen' in statically linked applications requires at runtime the shared libraries from the glibc version used for linking
/usr/bin/ld: dynamic STT_GNU_IFUNC symbol `strcmp' with pointer equality in `/usr/lib/gcc/x86_64-linux-gnu/4.7/../../../x86_64-linux-gnu/libc.a(strcmp.o)' can not be used when making an executable; recompile with -fPIE and relink with -pie
collect2: error: ld returned 1 exit status
configure:12907: $? = 1
configure:12925: result: no
configure:12964: checking whether stripping libraries is possible
configure:12969: result: yes
configure:13004: checking if libtool supports shared libraries
configure:13006: result: yes
configure:13009: checking whether to build shared libraries
configure:13030: result: yes
configure:13033: checking whether to build static libraries
configure:13037: result: no
configure:13076: checking whether NLS is requested
configure:13085: result: yes
configure:13113: checking for intltool-update
configure:13131: found /usr/bin/intltool-update
configure:13143: result: /usr/bin/intltool-update
configure:13153: checking for intltool-merge
configure:13171: found /usr/bin/intltool-merge
configure:13183: result: /usr/bin/intltool-merge
configure:13193: checking for intltool-extract
configure:13211: found /usr/bin/intltool-extract
configure:13223: result: /usr/bin/intltool-extract
configure:13377: checking for xgettext
configure:13395: found /usr/bin/xgettext
configure:13407: result: /usr/bin/xgettext
configure:13417: checking for msgmerge
configure:13435: found /usr/bin/msgmerge
configure:13447: result: /usr/bin/msgmerge
configure:13457: checking for msgfmt
configure:13475: found /usr/bin/msgfmt
configure:13487: result: /usr/bin/msgfmt
configure:13497: checking for gmsgfmt
configure:13528: result: /usr/bin/msgfmt
configure:13548: checking for perl
configure:13566: found /usr/bin/perl
configure:13578: result: /usr/bin/perl
configure:13589: checking for perl >= 5.8.1
configure:13596: result: 5.14.2
configure:13600: checking for XML::Parser
configure:13603: result: ok
configure:13628: gcc -o conftest -DGDK_DISABLE_DEPRECATED -DGTK_DISABLE_DEPRECATED   conftest.c  >&5
configure:13628: $? = 0
configure:13666: checking for pthread_self in -lpthread
configure:13691: gcc -o conftest -DGDK_DISABLE_DEPRECATED -DGTK_DISABLE_DEPRECATED   conftest.c -lpthread   >&5
configure:13691: $? = 0
configure:13700: result: yes
configure:13713: checking for sched_getscheduler
configure:13713: gcc -o conftest -DGDK_DISABLE_DEPRECATED -DGTK_DISABLE_DEPRECATED   conftest.c -lpthread  >&5
configure:13713: $? = 0
configure:13713: result: yes
configure:13775: checking for pkg-config
configure:13793: found /usr/bin/pkg-config
configure:13805: result: /usr/bin/pkg-config
configure:13830: checking pkg-config is at least version 0.9.0
configure:13833: result: yes
configure:13843: checking for JACK
configure:13850: $PKG_CONFIG --exists --print-errors "jack >= 0.80.0"
configure:13853: $? = 0
configure:13867: $PKG_CONFIG --exists --print-errors "jack >= 0.80.0"
configure:13870: $? = 0
configure:13928: result: yes
configure:13932: checking for jack_client_create_thread in -ljack
configure:13957: gcc -o conftest -DGDK_DISABLE_DEPRECATED -DGTK_DISABLE_DEPRECATED   conftest.c -ljack  -lpthread  >&5
configure:13957: $? = 0
configure:13966: result: yes
configure:13977: checking for jack_create_thread in -ljack
configure:14002: gcc -o conftest -DGDK_DISABLE_DEPRECATED -DGTK_DISABLE_DEPRECATED   conftest.c -ljack  -lpthread  >&5
/tmp/ccBbUHu2.o: In function `main':
conftest.c:(.text+0xa): undefined reference to `jack_create_thread'
collect2: error: ld returned 1 exit status
configure:14002: $? = 1
configure: failed program was:
| /* confdefs.h */
| #define PACKAGE_NAME ""
| #define PACKAGE_TARNAME ""
| #define PACKAGE_VERSION ""
| #define PACKAGE_STRING ""
| #define PACKAGE_BUGREPORT ""
| #define PACKAGE_URL ""
| #define PACKAGE "jamin"
| #define VERSION "0.98.5"
| #define STDC_HEADERS 1
| #define HAVE_SYS_TYPES_H 1
| #define HAVE_SYS_STAT_H 1
| #define HAVE_STDLIB_H 1
| #define HAVE_STRING_H 1
| #define HAVE_MEMORY_H 1
| #define HAVE_STRINGS_H 1
| #define HAVE_INTTYPES_H 1
| #define HAVE_STDINT_H 1
| #define HAVE_UNISTD_H 1
| #define HAVE_DLFCN_H 1
| #define LT_OBJDIR ".libs/"
| #define HAVE_LIBPTHREAD 1
| #define HAVE_POSIX_SCHED /**/
| #define HAVE_JACK_CLIENT_CREATE_THREAD /**/
| #define HAVE_JACK_CREATE_THREAD /**/
| /* end confdefs.h.  */
| 
| /* Override any GCC internal prototype to avoid an error.
|    Use char because int might match the return type of a GCC
|    builtin and then its argument prototype would still apply.  */
| #ifdef __cplusplus
| extern "C"
| #endif
| char jack_create_thread ();
| int
| main ()
| {
| return jack_create_thread ();
|   ;
|   return 0;
| }
configure:14011: result: no
configure:14019: checking for jack_ringbuffer_create in -ljack
configure:14044: gcc -o conftest -DGDK_DISABLE_DEPRECATED -DGTK_DISABLE_DEPRECATED   conftest.c -ljack  -lpthread  >&5
configure:14044: $? = 0
configure:14053: result: yes
configure:14061: checking for jack_client_name_size in -ljack
configure:14086: gcc -o conftest -DGDK_DISABLE_DEPRECATED -DGTK_DISABLE_DEPRECATED   conftest.c -ljack  -lpthread  >&5
configure:14086: $? = 0
configure:14095: result: yes
configure:14103: checking for jack_client_open in -ljack
configure:14128: gcc -o conftest -DGDK_DISABLE_DEPRECATED -DGTK_DISABLE_DEPRECATED   conftest.c -ljack  -lpthread  >&5
configure:14128: $? = 0
configure:14137: result: yes
configure:14223: checking for FFTW
configure:14230: $PKG_CONFIG --exists --print-errors "fftw3f >= 3.0"
configure:14233: $? = 0
configure:14247: $PKG_CONFIG --exists --print-errors "fftw3f >= 3.0"
configure:14250: $? = 0
configure:14296: result: yes
configure:14306: checking for XML
configure:14313: $PKG_CONFIG --exists --print-errors "libxml-2.0 >= 2.0"
configure:14316: $? = 0
configure:14330: $PKG_CONFIG --exists --print-errors "libxml-2.0 >= 2.0"
configure:14333: $? = 0
configure:14391: result: yes
configure:14410: checking for OSC
configure:14417: $PKG_CONFIG --exists --print-errors "liblo >= 0.5"
Package liblo was not found in the pkg-config search path.
Perhaps you should add the directory containing `liblo.pc'
to the PKG_CONFIG_PATH environment variable
No package 'liblo' found
configure:14420: $? = 1
configure:14434: $PKG_CONFIG --exists --print-errors "liblo >= 0.5"
Package liblo was not found in the pkg-config search path.
Perhaps you should add the directory containing `liblo.pc'
to the PKG_CONFIG_PATH environment variable
No package 'liblo' found
configure:14437: $? = 1
configure:14451: result: no
No package 'liblo' found
configure:14467: WARNING: liblo not available, OSC support will not be built
configure:14498: checking for sqrt in -lm
configure:14523: gcc -o conftest -DGDK_DISABLE_DEPRECATED -DGTK_DISABLE_DEPRECATED   conftest.c -lm  -lpthread  >&5
conftest.c:38:6: warning: conflicting types for built-in function 'sqrt' [enabled by default]
configure:14523: $? = 0
configure:14532: result: yes
configure:14545: checking for log10f in -lm
configure:14570: gcc -o conftest -DGDK_DISABLE_DEPRECATED -DGTK_DISABLE_DEPRECATED   conftest.c -lm  -lm -lpthread  >&5
conftest.c:39:6: warning: conflicting types for built-in function 'log10f' [enabled by default]
configure:14570: $? = 0
configure:14579: result: yes
configure:14644: checking for PACKAGE
configure:14651: $PKG_CONFIG --exists --print-errors "$pkg_modules"
configure:14654: $? = 0
configure:14668: $PKG_CONFIG --exists --print-errors "$pkg_modules"
configure:14671: $? = 0
configure:14729: result: yes
configure:14745: checking locale.h usability
configure:14745: gcc -c -DGDK_DISABLE_DEPRECATED -DGTK_DISABLE_DEPRECATED  conftest.c >&5
configure:14745: $? = 0
configure:14745: result: yes
configure:14745: checking locale.h presence
configure:14745: gcc -E  conftest.c
configure:14745: $? = 0
configure:14745: result: yes
configure:14745: checking for locale.h
configure:14745: result: yes
configure:14756: checking for LC_MESSAGES
configure:14772: gcc -o conftest -DGDK_DISABLE_DEPRECATED -DGTK_DISABLE_DEPRECATED   conftest.c -lm -lm -lpthread  >&5
configure:14772: $? = 0
configure:14780: result: yes
configure:14797: checking libintl.h usability
configure:14797: gcc -c -DGDK_DISABLE_DEPRECATED -DGTK_DISABLE_DEPRECATED  conftest.c >&5
configure:14797: $? = 0
configure:14797: result: yes
configure:14797: checking libintl.h presence
configure:14797: gcc -E  conftest.c
configure:14797: $? = 0
configure:14797: result: yes
configure:14797: checking for libintl.h
configure:14797: result: yes
configure:14805: checking for ngettext in libc
configure:14823: gcc -o conftest -DGDK_DISABLE_DEPRECATED -DGTK_DISABLE_DEPRECATED   conftest.c -lm -lm -lpthread  >&5
configure:14823: $? = 0
configure:14832: result: yes
configure:14836: checking for dgettext in libc
configure:14854: gcc -o conftest -DGDK_DISABLE_DEPRECATED -DGTK_DISABLE_DEPRECATED   conftest.c -lm -lm -lpthread  >&5
configure:14854: $? = 0
configure:14863: result: yes
configure:14870: checking for bind_textdomain_codeset
configure:14870: gcc -o conftest -DGDK_DISABLE_DEPRECATED -DGTK_DISABLE_DEPRECATED   conftest.c -lm -lm -lpthread  >&5
configure:14870: $? = 0
configure:14870: result: yes
configure:15146: checking for msgfmt
configure:15173: result: /usr/bin/msgfmt
configure:15184: checking for dcgettext
configure:15184: gcc -o conftest -DGDK_DISABLE_DEPRECATED -DGTK_DISABLE_DEPRECATED   conftest.c -lm -lm -lpthread   >&5
conftest.c:61:6: warning: conflicting types for built-in function 'dcgettext' [enabled by default]
configure:15184: $? = 0
configure:15184: result: yes
configure:15194: checking if msgfmt accepts -c
configure:15209: $MSGFMT -c -o /dev/null conftest.foo
configure:15212: $? = 0
configure:15214: result: yes
configure:15224: checking for gmsgfmt
configure:15255: result: /usr/bin/msgfmt
configure:15265: checking for xgettext
configure:15292: result: /usr/bin/xgettext
configure:15311: gcc -o conftest -DGDK_DISABLE_DEPRECATED -DGTK_DISABLE_DEPRECATED   conftest.c -lm -lm -lpthread   >&5
configure:15311: $? = 0
configure:15393: checking for catalogs to be installed
configure:15418: result:  ru fr
configure:15476: checking for ANSI C header files
configure:15580: result: yes
configure:15591: checking for stdlib.h
configure:15591: result: yes
configure:15591: checking for string.h
configure:15591: result: yes
configure:15591: checking for unistd.h
configure:15591: result: yes
configure:15604: checking for an ANSI C-conforming const
configure:15677: result: yes
configure:15685: checking for inline
configure:15709: result: inline
configure:15731: checking for atexit
configure:15731: gcc -o conftest -DGDK_DISABLE_DEPRECATED -DGTK_DISABLE_DEPRECATED   conftest.c -lm -lm -lpthread  >&5
configure:15731: $? = 0
configure:15731: result: yes
configure:15893: creating ./config.status

## ---------------- ##
## Cache variables. ##
## ---------------- ##

ac_cv_build=x86_64-unknown-linux-gnu
ac_cv_c_compiler_gnu=yes
ac_cv_c_const=yes
ac_cv_c_inline=inline
ac_cv_c_volatile=yes
ac_cv_env_CC_set=
ac_cv_env_CC_value=
ac_cv_env_CFLAGS_set=set
ac_cv_env_CFLAGS_value='-DGDK_DISABLE_DEPRECATED -DGTK_DISABLE_DEPRECATED'
ac_cv_env_CPPFLAGS_set=
ac_cv_env_CPPFLAGS_value=
ac_cv_env_CPP_set=
ac_cv_env_CPP_value=
ac_cv_env_FFTW_CFLAGS_set=
ac_cv_env_FFTW_CFLAGS_value=
ac_cv_env_FFTW_LIBS_set=
ac_cv_env_FFTW_LIBS_value=
ac_cv_env_JACK_CFLAGS_set=
ac_cv_env_JACK_CFLAGS_value=
ac_cv_env_JACK_LIBS_set=
ac_cv_env_JACK_LIBS_value=
ac_cv_env_LDFLAGS_set=
ac_cv_env_LDFLAGS_value=
ac_cv_env_LIBS_set=
ac_cv_env_LIBS_value=
ac_cv_env_OSC_CFLAGS_set=
ac_cv_env_OSC_CFLAGS_value=
ac_cv_env_OSC_LIBS_set=
ac_cv_env_OSC_LIBS_value=
ac_cv_env_PACKAGE_CFLAGS_set=
ac_cv_env_PACKAGE_CFLAGS_value=
ac_cv_env_PACKAGE_LIBS_set=
ac_cv_env_PACKAGE_LIBS_value=
ac_cv_env_PKG_CONFIG_LIBDIR_set=
ac_cv_env_PKG_CONFIG_LIBDIR_value=
ac_cv_env_PKG_CONFIG_PATH_set=
ac_cv_env_PKG_CONFIG_PATH_value=
ac_cv_env_PKG_CONFIG_set=
ac_cv_env_PKG_CONFIG_value=
ac_cv_env_XML_CFLAGS_set=
ac_cv_env_XML_CFLAGS_value=
ac_cv_env_XML_LIBS_set=
ac_cv_env_XML_LIBS_value=
ac_cv_env_build_alias_set=
ac_cv_env_build_alias_value=
ac_cv_env_host_alias_set=
ac_cv_env_host_alias_value=
ac_cv_env_target_alias_set=
ac_cv_env_target_alias_value=
ac_cv_func_atexit=yes
ac_cv_func_bind_textdomain_codeset=yes
ac_cv_func_dcgettext=yes
ac_cv_func_dlopen=no
ac_cv_func_sched_getscheduler=yes
ac_cv_func_shl_load=no
ac_cv_header_dlfcn_h=yes
ac_cv_header_inttypes_h=yes
ac_cv_header_libintl_h=yes
ac_cv_header_locale_h=yes
ac_cv_header_memory_h=yes
ac_cv_header_stdc=yes
ac_cv_header_stdint_h=yes
ac_cv_header_stdlib_h=yes
ac_cv_header_string_h=yes
ac_cv_header_strings_h=yes
ac_cv_header_sys_stat_h=yes
ac_cv_header_sys_types_h=yes
ac_cv_header_unistd_h=yes
ac_cv_host=x86_64-unknown-linux-gnu
ac_cv_lib_dl_dlopen=yes
ac_cv_lib_dld_shl_load=no
ac_cv_lib_jack_jack_client_create_thread=yes
ac_cv_lib_jack_jack_client_name_size=yes
ac_cv_lib_jack_jack_client_open=yes
ac_cv_lib_jack_jack_create_thread=no
ac_cv_lib_jack_jack_ringbuffer_create=yes
ac_cv_lib_m_log10f=yes
ac_cv_lib_m_sqrt=yes
ac_cv_lib_pthread_pthread_self=yes
ac_cv_objext=o
ac_cv_path_EGREP='/bin/grep -E'
ac_cv_path_FGREP='/bin/grep -F'
ac_cv_path_GMSGFMT=/usr/bin/msgfmt
ac_cv_path_GREP=/bin/grep
ac_cv_path_INTLTOOL_EXTRACT=/usr/bin/intltool-extract
ac_cv_path_INTLTOOL_MERGE=/usr/bin/intltool-merge
ac_cv_path_INTLTOOL_PERL=/usr/bin/perl
ac_cv_path_INTLTOOL_UPDATE=/usr/bin/intltool-update
ac_cv_path_MSGFMT=/usr/bin/msgfmt
ac_cv_path_MSGMERGE=/usr/bin/msgmerge
ac_cv_path_SED=/bin/sed
ac_cv_path_XGETTEXT=/usr/bin/xgettext
ac_cv_path_ac_pt_PKG_CONFIG=/usr/bin/pkg-config
ac_cv_path_install='/usr/bin/install -c'
ac_cv_path_mkdir=/bin/mkdir
ac_cv_prog_AWK=gawk
ac_cv_prog_CPP='gcc -E'
ac_cv_prog_ac_ct_AR=ar
ac_cv_prog_ac_ct_CC=gcc
ac_cv_prog_ac_ct_MANIFEST_TOOL=mt
ac_cv_prog_ac_ct_OBJDUMP=objdump
ac_cv_prog_ac_ct_RANLIB=ranlib
ac_cv_prog_ac_ct_STRIP=strip
ac_cv_prog_cc_c89=
ac_cv_prog_cc_g=yes
ac_cv_prog_cc_gcc_c_o=yes
ac_cv_prog_make_make_set=yes
ac_cv_search_strerror='none required'
am_cv_CC_dependencies_compiler_type=gcc3
am_cv_prog_cc_stdc=
am_cv_val_LC_MESSAGES=yes
gt_cv_func_dgettext_libc=yes
gt_cv_func_dgettext_libintl=no
gt_cv_func_ngettext_libc=yes
gt_cv_have_gettext=yes
lt_cv_ar_at_file=@
lt_cv_archive_cmds_need_lc=no
lt_cv_deplibs_check_method=pass_all
lt_cv_dlopen=dlopen
lt_cv_dlopen_libs=-ldl
lt_cv_dlopen_self=yes
lt_cv_dlopen_self_static=no
lt_cv_file_magic_cmd='$MAGIC_CMD'
lt_cv_file_magic_test_file=
lt_cv_ld_reload_flag=-r
lt_cv_nm_interface='BSD nm'
lt_cv_objdir=.libs
lt_cv_path_LD=/usr/bin/ld
lt_cv_path_NM='/usr/bin/nm -B'
lt_cv_path_mainfest_tool=no
lt_cv_prog_compiler_c_o=yes
lt_cv_prog_compiler_pic='-fPIC -DPIC'
lt_cv_prog_compiler_pic_works=yes
lt_cv_prog_compiler_rtti_exceptions=no
lt_cv_prog_compiler_static_works=yes
lt_cv_prog_gnu_ld=yes
lt_cv_sharedlib_from_linklib_cmd='printf %s\n'
lt_cv_shlibpath_overrides_runpath=no
lt_cv_sys_global_symbol_pipe='sed -n -e '\''s/^.*[	 ]\([ABCDGIRSTW][ABCDGIRSTW]*\)[	 ][	 ]*\([_A-Za-z][_A-Za-z0-9]*\)$/\1 \2 \2/p'\'' | sed '\''/ __gnu_lto/d'\'''
lt_cv_sys_global_symbol_to_c_name_address='sed -n -e '\''s/^: \([^ ]*\)[ ]*$/  {\"\1\", (void *) 0},/p'\'' -e '\''s/^[ABCDGIRSTW]* \([^ ]*\) \([^ ]*\)$/  {"\2", (void *) \&\2},/p'\'''
lt_cv_sys_global_symbol_to_c_name_address_lib_prefix='sed -n -e '\''s/^: \([^ ]*\)[ ]*$/  {\"\1\", (void *) 0},/p'\'' -e '\''s/^[ABCDGIRSTW]* \([^ ]*\) \(lib[^ ]*\)$/  {"\2", (void *) \&\2},/p'\'' -e '\''s/^[ABCDGIRSTW]* \([^ ]*\) \([^ ]*\)$/  {"lib\2", (void *) \&\2},/p'\'''
lt_cv_sys_global_symbol_to_cdecl='sed -n -e '\''s/^T .* \(.*\)$/extern int \1();/p'\'' -e '\''s/^[ABCDGIRSTW]* .* \(.*\)$/extern char \1;/p'\'''
lt_cv_sys_max_cmd_len=3458764513820540925
lt_cv_to_host_file_cmd=func_convert_file_noop
lt_cv_to_tool_file_cmd=func_convert_file_noop
pkg_cv_FFTW_CFLAGS=' '
pkg_cv_FFTW_LIBS='-lfftw3f -lm  '
pkg_cv_JACK_CFLAGS=' '
pkg_cv_JACK_LIBS='-ljack  '
pkg_cv_PACKAGE_CFLAGS='-pthread -I/usr/include/gtk-3.0 -I/usr/include/atk-1.0 -I/usr/include/at-spi2-atk/2.0 -I/usr/include/pango-1.0 -I/usr/include/gio-unix-2.0/ -I/usr/include/cairo -I/usr/include/gdk-pixbuf-2.0 -I/usr/include/glib-2.0 -I/usr/lib/x86_64-linux-gnu/glib-2.0/include -I/usr/include/freetype2 -I/usr/include/pixman-1 -I/usr/include/libpng12 -I/usr/include/libdrm  '
pkg_cv_PACKAGE_LIBS='-lgtk-3 -lgdk-3 -latk-1.0 -lgio-2.0 -lpangocairo-1.0 -lgdk_pixbuf-2.0 -lcairo-gobject -lpango-1.0 -lcairo -lgobject-2.0 -lglib-2.0  '
pkg_cv_XML_CFLAGS='-I/usr/include/libxml2  '
pkg_cv_XML_LIBS='-lxml2  '

## ----------------- ##
## Output variables. ##
## ----------------- ##

ACLOCAL='${SHELL} /media/art/code/jamin/missing --run aclocal-1.11'
ALL_LINGUAS='ru fr'
AMDEPBACKSLASH='\'
AMDEP_FALSE='#'
AMDEP_TRUE=''
AMTAR='$${TAR-tar}'
AM_DEFAULT_VERBOSITY='1'
AR='ar'
AUTOCONF='${SHELL} /media/art/code/jamin/missing --run autoconf'
AUTOHEADER='${SHELL} /media/art/code/jamin/missing --run autoheader'
AUTOMAKE='${SHELL} /media/art/code/jamin/missing --run automake-1.11'
AWK='gawk'
CATALOGS=' ru.gmo fr.gmo'
CATOBJEXT='.gmo'
CC='gcc'
CCDEPMODE='depmode=gcc3'
CFLAGS='-DGDK_DISABLE_DEPRECATED -DGTK_DISABLE_DEPRECATED'
CFLAGS_OPT='-DGDK_DISABLE_DEPRECATED -DGTK_DISABLE_DEPRECATED'
CPP='gcc -E'
CPPFLAGS=''
CYGPATH_W='echo'
DATADIRNAME='share'
DEFS='-DHAVE_CONFIG_H'
DEPDIR='.deps'
DLLTOOL='false'
DSYMUTIL=''
DUMPBIN=''
ECHO_C=''
ECHO_N='-n'
ECHO_T=''
EGREP='/bin/grep -E'
EXEEXT=''
FFTW_CFLAGS=' '
FFTW_LIBS='-lfftw3f -lm  '
FGREP='/bin/grep -F'
GETTEXT_PACKAGE='jamin'
GMOFILES=' ru.gmo fr.gmo'
GMSGFMT='/usr/bin/msgfmt'
GREP='/bin/grep'
INSTALL_DATA='${INSTALL} -m 644'
INSTALL_PROGRAM='${INSTALL}'
INSTALL_SCRIPT='${INSTALL}'
INSTALL_STRIP_PROGRAM='$(install_sh) -c -s'
INSTOBJEXT='.mo'
INTLLIBS=''
INTLTOOL_CAVES_RULE='%.caves:     %.caves.in     $(INTLTOOL_MERGE) $(wildcard $(top_srcdir)/po/*.po) ; $(INTLTOOL_V_MERGE)LC_ALL=C $(INTLTOOL_MERGE) $(INTLTOOL_V_MERGE_OPTIONS) -d -u -c $(top_builddir)/po/.intltool-merge-cache $(top_srcdir)/po $< $@'
INTLTOOL_DESKTOP_RULE='%.desktop:   %.desktop.in   $(INTLTOOL_MERGE) $(wildcard $(top_srcdir)/po/*.po) ; $(INTLTOOL_V_MERGE)LC_ALL=C $(INTLTOOL_MERGE) $(INTLTOOL_V_MERGE_OPTIONS) -d -u -c $(top_builddir)/po/.intltool-merge-cache $(top_srcdir)/po $< $@'
INTLTOOL_DIRECTORY_RULE='%.directory: %.directory.in $(INTLTOOL_MERGE) $(wildcard $(top_srcdir)/po/*.po) ; $(INTLTOOL_V_MERGE)LC_ALL=C $(INTLTOOL_MERGE) $(INTLTOOL_V_MERGE_OPTIONS) -d -u -c $(top_builddir)/po/.intltool-merge-cache $(top_srcdir)/po $< $@'
INTLTOOL_EXTRACT='/usr/bin/intltool-extract'
INTLTOOL_KBD_RULE='%.kbd:       %.kbd.in       $(INTLTOOL_MERGE) $(wildcard $(top_srcdir)/po/*.po) ; $(INTLTOOL_V_MERGE)LC_ALL=C $(INTLTOOL_MERGE) $(INTLTOOL_V_MERGE_OPTIONS) -x -u -m -c $(top_builddir)/po/.intltool-merge-cache $(top_srcdir)/po $< $@'
INTLTOOL_KEYS_RULE='%.keys:      %.keys.in      $(INTLTOOL_MERGE) $(wildcard $(top_srcdir)/po/*.po) ; $(INTLTOOL_V_MERGE)LC_ALL=C $(INTLTOOL_MERGE) $(INTLTOOL_V_MERGE_OPTIONS) -k -u -c $(top_builddir)/po/.intltool-merge-cache $(top_srcdir)/po $< $@'
INTLTOOL_MERGE='/usr/bin/intltool-merge'
INTLTOOL_OAF_RULE='%.oaf:       %.oaf.in       $(INTLTOOL_MERGE) $(wildcard $(top_srcdir)/po/*.po) ; $(INTLTOOL_V_MERGE)LC_ALL=C $(INTLTOOL_MERGE) $(INTLTOOL_V_MERGE_OPTIONS) -o -p $(top_srcdir)/po $< $@'
INTLTOOL_PERL='/usr/bin/perl'
INTLTOOL_POLICY_RULE='%.policy:    %.policy.in    $(INTLTOOL_MERGE) $(wildcard $(top_srcdir)/po/*.po) ; $(INTLTOOL_V_MERGE)LC_ALL=C $(INTLTOOL_MERGE) $(INTLTOOL_V_MERGE_OPTIONS) -x -u -c $(top_builddir)/po/.intltool-merge-cache $(top_srcdir)/po $< $@'
INTLTOOL_PONG_RULE='%.pong:      %.pong.in      $(INTLTOOL_MERGE) $(wildcard $(top_srcdir)/po/*.po) ; $(INTLTOOL_V_MERGE)LC_ALL=C $(INTLTOOL_MERGE) $(INTLTOOL_V_MERGE_OPTIONS) -x -u -c $(top_builddir)/po/.intltool-merge-cache $(top_srcdir)/po $< $@'
INTLTOOL_PROP_RULE='%.prop:      %.prop.in      $(INTLTOOL_MERGE) $(wildcard $(top_srcdir)/po/*.po) ; $(INTLTOOL_V_MERGE)LC_ALL=C $(INTLTOOL_MERGE) $(INTLTOOL_V_MERGE_OPTIONS) -d -u -c $(top_builddir)/po/.intltool-merge-cache $(top_srcdir)/po $< $@'
INTLTOOL_SCHEMAS_RULE='%.schemas:   %.schemas.in   $(INTLTOOL_MERGE) $(wildcard $(top_srcdir)/po/*.po) ; $(INTLTOOL_V_MERGE)LC_ALL=C $(INTLTOOL_MERGE) $(INTLTOOL_V_MERGE_OPTIONS) -s -u -c $(top_builddir)/po/.intltool-merge-cache $(top_srcdir)/po $< $@'
INTLTOOL_SERVER_RULE='%.server:    %.server.in    $(INTLTOOL_MERGE) $(wildcard $(top_srcdir)/po/*.po) ; $(INTLTOOL_V_MERGE)LC_ALL=C $(INTLTOOL_MERGE) $(INTLTOOL_V_MERGE_OPTIONS) -o -u -c $(top_builddir)/po/.intltool-merge-cache $(top_srcdir)/po $< $@'
INTLTOOL_SERVICE_RULE='%.service: %.service.in   $(INTLTOOL_MERGE) $(wildcard $(top_srcdir)/po/*.po) ; $(INTLTOOL_V_MERGE)LC_ALL=C $(INTLTOOL_MERGE) $(INTLTOOL_V_MERGE_OPTIONS) -d -u -c $(top_builddir)/po/.intltool-merge-cache $(top_srcdir)/po $< $@'
INTLTOOL_SHEET_RULE='%.sheet:     %.sheet.in     $(INTLTOOL_MERGE) $(wildcard $(top_srcdir)/po/*.po) ; $(INTLTOOL_V_MERGE)LC_ALL=C $(INTLTOOL_MERGE) $(INTLTOOL_V_MERGE_OPTIONS) -x -u -c $(top_builddir)/po/.intltool-merge-cache $(top_srcdir)/po $< $@'
INTLTOOL_SOUNDLIST_RULE='%.soundlist: %.soundlist.in $(INTLTOOL_MERGE) $(wildcard $(top_srcdir)/po/*.po) ; $(INTLTOOL_V_MERGE)LC_ALL=C $(INTLTOOL_MERGE) $(INTLTOOL_V_MERGE_OPTIONS) -d -u -c $(top_builddir)/po/.intltool-merge-cache $(top_srcdir)/po $< $@'
INTLTOOL_THEME_RULE='%.theme:     %.theme.in     $(INTLTOOL_MERGE) $(wildcard $(top_srcdir)/po/*.po) ; $(INTLTOOL_V_MERGE)LC_ALL=C $(INTLTOOL_MERGE) $(INTLTOOL_V_MERGE_OPTIONS) -d -u -c $(top_builddir)/po/.intltool-merge-cache $(top_srcdir)/po $< $@'
INTLTOOL_UI_RULE='%.ui:        %.ui.in        $(INTLTOOL_MERGE) $(wildcard $(top_srcdir)/po/*.po) ; $(INTLTOOL_V_MERGE)LC_ALL=C $(INTLTOOL_MERGE) $(INTLTOOL_V_MERGE_OPTIONS) -x -u -c $(top_builddir)/po/.intltool-merge-cache $(top_srcdir)/po $< $@'
INTLTOOL_UPDATE='/usr/bin/intltool-update'
INTLTOOL_V_MERGE='$(INTLTOOL__v_MERGE_$(V))'
INTLTOOL_V_MERGE_OPTIONS='$(intltool__v_merge_options_$(V))'
INTLTOOL_XAM_RULE='%.xam:       %.xml.in       $(INTLTOOL_MERGE) $(wildcard $(top_srcdir)/po/*.po) ; $(INTLTOOL_V_MERGE)LC_ALL=C $(INTLTOOL_MERGE) $(INTLTOOL_V_MERGE_OPTIONS) -x -u -c $(top_builddir)/po/.intltool-merge-cache $(top_srcdir)/po $< $@'
INTLTOOL_XML_NOMERGE_RULE='%.xml:       %.xml.in       $(INTLTOOL_MERGE) ; $(INTLTOOL_V_MERGE)LC_ALL=C $(INTLTOOL_MERGE) $(INTLTOOL_V_MERGE_OPTIONS) -x -u --no-translations $< $@'
INTLTOOL_XML_RULE='%.xml:       %.xml.in       $(INTLTOOL_MERGE) $(wildcard $(top_srcdir)/po/*.po) ; $(INTLTOOL_V_MERGE)LC_ALL=C $(INTLTOOL_MERGE) $(INTLTOOL_V_MERGE_OPTIONS) -x -u -c $(top_builddir)/po/.intltool-merge-cache $(top_srcdir)/po $< $@'
INTLTOOL__v_MERGE_0='@echo "  ITMRG " $@;'
INTLTOOL__v_MERGE_='$(INTLTOOL__v_MERGE_$(AM_DEFAULT_VERBOSITY))'
JACK_CFLAGS=' '
JACK_LIBS='-ljack  '
JAMIN_CFLAGS='-g    -I/usr/include/libxml2    -Wall'
JAMIN_LIBS='-lfftw3f -lm   -lxml2   -ljack   '
LD='/usr/bin/ld -m elf_x86_64'
LDFLAGS=''
LIBOBJS=''
LIBS='-lm -lm -lpthread '
LIBTOOL='$(SHELL) $(top_builddir)/libtool'
LIPO=''
LN_S='ln -s'
LTLIBOBJS=''
MAINT=''
MAINTAINER_MODE_FALSE='#'
MAINTAINER_MODE_TRUE=''
MAKEINFO='${SHELL} /media/art/code/jamin/missing --run makeinfo'
MANIFEST_TOOL=':'
MKDIR_P='/bin/mkdir -p'
MKINSTALLDIRS='./mkinstalldirs'
MSGFMT='/usr/bin/msgfmt'
MSGFMT_OPTS='-c'
MSGMERGE='/usr/bin/msgmerge'
NM='/usr/bin/nm -B'
NMEDIT=''
OBJDUMP='objdump'
OBJEXT='o'
OSC_CFLAGS=''
OSC_LIBS=''
OSC_PROGS=''
OTOOL64=''
OTOOL=''
PACKAGE='jamin'
PACKAGE_BUGREPORT=''
PACKAGE_CFLAGS='-pthread -I/usr/include/gtk-3.0 -I/usr/include/atk-1.0 -I/usr/include/at-spi2-atk/2.0 -I/usr/include/pango-1.0 -I/usr/include/gio-unix-2.0/ -I/usr/include/cairo -I/usr/include/gdk-pixbuf-2.0 -I/usr/include/glib-2.0 -I/usr/lib/x86_64-linux-gnu/glib-2.0/include -I/usr/include/freetype2 -I/usr/include/pixman-1 -I/usr/include/libpng12 -I/usr/include/libdrm  '
PACKAGE_LIBS='-lgtk-3 -lgdk-3 -latk-1.0 -lgio-2.0 -lpangocairo-1.0 -lgdk_pixbuf-2.0 -lcairo-gobject -lpango-1.0 -lcairo -lgobject-2.0 -lglib-2.0  '
PACKAGE_NAME=''
PACKAGE_STRING=''
PACKAGE_TARNAME=''
PACKAGE_URL=''
PACKAGE_VERSION=''
PATH_SEPARATOR=':'
PKG_CONFIG='/usr/bin/pkg-config'
PKG_CONFIG_LIBDIR=''
PKG_CONFIG_PATH=''
POFILES=' ru.po fr.po'
POSUB='po'
PO_IN_DATADIR_FALSE=''
PO_IN_DATADIR_TRUE=''
RANLIB='ranlib'
SED='/bin/sed'
SET_MAKE=''
SHELL='/bin/bash'
STRIP='strip'
USE_NLS='yes'
USE_OSC_FALSE=''
USE_OSC_TRUE='#'
VERSION='0.98.5'
XGETTEXT='/usr/bin/xgettext'
XML_CFLAGS='-I/usr/include/libxml2  '
XML_LIBS='-lxml2  '
ac_ct_AR='ar'
ac_ct_CC='gcc'
ac_ct_DUMPBIN=''
am__EXEEXT_FALSE=''
am__EXEEXT_TRUE='#'
am__fastdepCC_FALSE='#'
am__fastdepCC_TRUE=''
am__include='include'
am__isrc=''
am__leading_dot='.'
am__nodep='_no'
am__quote=''
am__tar='$${TAR-tar} chof - "$$tardir"'
am__untar='$${TAR-tar} xf -'
bindir='${exec_prefix}/bin'
build='x86_64-unknown-linux-gnu'
build_alias=''
build_cpu='x86_64'
build_os='linux-gnu'
build_vendor='unknown'
datadir='${datarootdir}'
datarootdir='${prefix}/share'
docdir='${datarootdir}/doc/${PACKAGE}'
dvidir='${docdir}'
exec_prefix='${prefix}'
host='x86_64-unknown-linux-gnu'
host_alias=''
host_cpu='x86_64'
host_os='linux-gnu'
host_vendor='unknown'
htmldir='${docdir}'
includedir='${prefix}/include'
infodir='${datarootdir}/info'
install_sh='${SHELL} /media/art/code/jamin/install-sh'
intltool__v_merge_options_0='-q'
intltool__v_merge_options_='$(intltool__v_merge_options_$(AM_DEFAULT_VERBOSITY))'
libdir='${exec_prefix}/lib64'
libexecdir='${exec_prefix}/libexec'
localedir='${datarootdir}/locale'
localstatedir='${prefix}/var'
mandir='${datarootdir}/man'
mkdir_p='/bin/mkdir -p'
oldincludedir='/usr/include'
pdfdir='${docdir}'
prefix='/usr/local'
program_transform_name='s,x,x,'
psdir='${docdir}'
sbindir='${exec_prefix}/sbin'
sharedstatedir='${prefix}/com'
sysconfdir='${prefix}/etc'
target_alias=''

## ----------- ##
## confdefs.h. ##
## ----------- ##

/* confdefs.h */
#define PACKAGE_NAME ""
#define PACKAGE_TARNAME ""
#define PACKAGE_VERSION ""
#define PACKAGE_STRING ""
#define PACKAGE_BUGREPORT ""
#define PACKAGE_URL ""
#define PACKAGE "jamin"
#define VERSION "0.98.5"
#define STDC_HEADERS 1
#define HAVE_SYS_TYPES_H 1
#define HAVE_SYS_STAT_H 1
#define HAVE_STDLIB_H 1
#define HAVE_STRING_H 1
#define HAVE_MEMORY_H 1
#define HAVE_STRINGS_H 1
#define HAVE_INTTYPES_H 1
#define HAVE_STDINT_H 1
#define HAVE_UNISTD_H 1
#define HAVE_DLFCN_H 1
#define LT_OBJDIR ".libs/"
#define HAVE_LIBPTHREAD 1
#define HAVE_POSIX_SCHED /**/
#define HAVE_JACK_CLIENT_CREATE_THREAD /**/
#define HAVE_JACK_CREATE_THREAD /**/
#define HAVE_JACK_RINGBUFFER /**/
#define HAVE_JACK_CLIENT_NAME_SIZE /**/
#define HAVE_JACK_CLIENT_OPEN /**/
#define FFTW_TYPE float
#define HAVE_LIBM 1
#define HAVE_LIBM 1
#define GETTEXT_PACKAGE "jamin"
#define HAVE_LOCALE_H 1
#define HAVE_LC_MESSAGES 1
#define HAVE_BIND_TEXTDOMAIN_CODESET 1
#define HAVE_GETTEXT 1
#define HAVE_DCGETTEXT 1
#define ENABLE_NLS 1
#define STDC_HEADERS 1
#define HAVE_STDLIB_H 1
#define HAVE_STRING_H 1
#define HAVE_UNISTD_H 1
#define HAVE_ATEXIT 1

configure: exit 0

## ---------------------- ##
## Running config.status. ##
## ---------------------- ##

This file was extended by config.status, which was
generated by GNU Autoconf 2.69.  Invocation command line was

  CONFIG_FILES    = 
  CONFIG_HEADERS  = 
  CONFIG_LINKS    = 
  CONFIG_COMMANDS = 
  $ ./config.status 

on whare

config.status:1202: creating Makefile
config.status:1202: creating data/Makefile
config.status:1202: creating po/Makefile.in
config.status:1202: creating src/Makefile
config.status:1202: creating src/jamin.1
config.status:1202: creating pixmaps/Makefile
config.status:1202: creating examples/Makefile
config.status:1202: creating controller/Makefile
config.status:1202: creating examples/jamin_ui
config.status:1202: creating examples/marble_jamin_ui
config.status:1202: creating config.h
config.status:1431: executing depfiles commands
config.status:1431: executing libtool commands
config.status:1431: executing default-1 commands
config.status:1431: executing po/stamp-it commands

## ---------------------- ##
## Running config.status. ##
## ---------------------- ##

This file was extended by config.status, which was
generated by GNU Autoconf 2.69.  Invocation command line was

  CONFIG_FILES    = 
  CONFIG_HEADERS  = 
  CONFIG_LINKS    = 
  CONFIG_COMMANDS = 
  $ ./config.status config.h

on whare

config.status:1202: creating config.h
config.status:1383: config.h is unchanged

## ---------------------- ##
## Running config.status. ##
## ---------------------- ##

This file was extended by config.status, which was
generated by GNU Autoconf 2.69.  Invocation command line was

  CONFIG_FILES    = 
  CONFIG_HEADERS  = 
  CONFIG_LINKS    = 
  CONFIG_COMMANDS = 
  $ ./config.status src/Makefile depfiles

on whare

config.status:1202: creating src/Makefile
config.status:1431: executing depfiles commands

## ---------------------- ##
## Running config.status. ##
## ---------------------- ##

This file was extended by config.status, which was
generated by GNU Autoconf 2.69.  Invocation command line was

  CONFIG_FILES    = 
  CONFIG_HEADERS  = 
  CONFIG_LINKS    = 
  CONFIG_COMMANDS = 
  $ ./config.status src/Makefile depfiles

on whare

config.status:1202: creating src/Makefile
config.status:1431: executing depfiles commands
